<?xml version="1.0" encoding="UTF-8"?>
<testng-results ignored="0" total="1" passed="1" failed="0" skipped="0">
  <reporter-output>
  </reporter-output>
  <suite started-at="2022-10-01T08:10:25Z" name="Default suite" finished-at="2022-10-01T08:10:30Z" duration-ms="4887">
    <groups>
    </groups>
    <test started-at="2022-10-01T08:10:25Z" name="Default test" finished-at="2022-10-01T08:10:30Z" duration-ms="4887">
      <class name="com.tests.FirstTestCase">
        <test-method signature="launchURL()[pri:0, instance:com.tests.FirstTestCase@732d0d24]" started-at="2022-10-01T08:10:25Z" name="launchURL" finished-at="2022-10-01T08:10:30Z" duration-ms="4829" status="PASS">
          <reporter-output>
          </reporter-output>
        </test-method> <!-- launchURL -->
      </class> <!-- com.tests.FirstTestCase -->
    </test> <!-- Default test -->
  </suite> <!-- Default suite -->
</testng-results>
